#
# A fatal error has been detected by the Java Runtime Environment:
#
#  SIGSEGV (0xb) at pc=0x00007fea0197c0ad, pid=33510, tid=33526
#
# JRE version: OpenJDK Runtime Environment (11.0.11+9) (build 11.0.11+9-Ubuntu-0ubuntu2.20.04)
# Java VM: OpenJDK 64-Bit Server VM (11.0.11+9-Ubuntu-0ubuntu2.20.04, mixed mode, tiered, compressed oops, g1 gc, linux-amd64)
# Problematic frame:
# C  [libjimage.so+0x30ad]
#
# Core dump will be written. Default location: Core dumps may be processed with "/usr/share/apport/apport %p %s %c %d %P %E" (or dumping to /home/mateus/git/Java/tp1/core.33510)
#
# If you would like to submit a bug report, please visit:
#   https://bugs.launchpad.net/ubuntu/+source/openjdk-lts
#

---------------  S U M M A R Y ------------

Command Line: -agentlib:jdwp=transport=dt_socket,suspend=y,address=localhost:36141 -javaagent:/home/mateus/eclipse/java-2021-06/eclipse/configuration/org.eclipse.osgi/217/0/.cp/lib/javaagent-shaded.jar -Dfile.encoding=UTF-8 --module-path=/home/mateus/git/Java/tp1/bin -Djdk.module.main=tp1 tp1/tp1.TP1

Host: Intel(R) Core(TM) i3-7020U CPU @ 2.30GHz, 4 cores, 3G, Ubuntu 20.04.2 LTS
Time: Fri Jul 30 22:36:56 2021 -03 elapsed time: 3703.716139 seconds (0d 1h 1m 43s)

---------------  T H R E A D  ---------------

Current thread (0x00007fe9fc178800):  JavaThread "Signal Dispatcher" daemon [_thread_in_vm, id=33526, stack(0x00007fe9dc0ff000,0x00007fe9dc200000)]

Stack: [0x00007fe9dc0ff000,0x00007fe9dc200000],  sp=0x00007fe9dc1fd1f0,  free space=1016k
Native frames: (J=compiled Java code, A=aot compiled Java code, j=interpreted, Vv=VM code, C=native code)
C  [libjimage.so+0x30ad]
C  [libjimage.so+0x3da2]
C  [libjimage.so+0x4291]  JIMAGE_FindResource+0xf1
V  [libjvm.so+0x5b0731]
V  [libjvm.so+0x5b2ee1]
V  [libjvm.so+0xdea23d]
V  [libjvm.so+0xde8dca]
V  [libjvm.so+0xdeb38b]
V  [libjvm.so+0x6624ce]
V  [libjvm.so+0x850e76]
j  jdk.internal.misc.Signal.dispatch(I)V+25 java.base@11.0.11
v  ~StubRoutines::call_stub
V  [libjvm.so+0x859b69]
V  [libjvm.so+0x858b82]
V  [libjvm.so+0xbc8b4e]
V  [libjvm.so+0xe2105f]
V  [libjvm.so+0xe1d690]
V  [libjvm.so+0xbdac76]

Java frames: (J=compiled Java code, j=interpreted, Vv=VM code)
j  jdk.internal.misc.Signal.dispatch(I)V+25 java.base@11.0.11
v  ~StubRoutines::call_stub

siginfo: si_signo: 11 (SIGSEGV), si_code: 1 (SEGV_MAPERR), si_addr: 0x00007fe9f387e8e0

Register to memory mapping:

RAX=0x0000000000001a31 is an unknown value
RBX=0x00007fe9dc1fd2a1 is pointing into the stack for thread: 0x00007fe9fc178800
RCX=0x00007fe9dc1fd2c3 is pointing into the stack for thread: 0x00007fe9fc178800
RDX=0x0000000000001a31 is an unknown value
RSP=0x00007fe9dc1fd1f0 is pointing into the stack for thread: 0x00007fe9fc178800
RBP=0x00007fe9dc1fd210 is pointing into the stack for thread: 0x00007fe9fc178800
RSI=0x0 is NULL
RDI=0x00007fea01981030: <offset 0x0000000000008030> in /usr/lib/jvm/java-11-openjdk-amd64/lib/libjimage.so at 0x00007fea01979000
R8 =0x00007fe9f387801c is an unknown value
R9 =0x00007fe9dc1fe0b0 is pointing into the stack for thread: 0x00007fe9fc178800
R10=0x00007fea02d4d460: <offset 0x0000000000f45460> in /usr/lib/jvm/java-11-openjdk-amd64/lib/server/libjvm.so at 0x00007fea01e08000
R11=0x00007fe9dc1fe418 is pointing into the stack for thread: 0x00007fe9fc178800
R12=0x000000000000843b is an unknown value
R13=0x00007fe9dc1fd2a0 is pointing into the stack for thread: 0x00007fe9fc178800
R14=0x0 is NULL
R15=0x00007fe9fc179440 points into unknown readable memory: 0x65746e692f6b646a | 6a 64 6b 2f 69 6e 74 65


Registers:
RAX=0x0000000000001a31, RBX=0x00007fe9dc1fd2a1, RCX=0x00007fe9dc1fd2c3, RDX=0x0000000000001a31
RSP=0x00007fe9dc1fd1f0, RBP=0x00007fe9dc1fd210, RSI=0x0000000000000000, RDI=0x00007fea01981030
R8 =0x00007fe9f387801c, R9 =0x00007fe9dc1fe0b0, R10=0x00007fea02d4d460, R11=0x00007fe9dc1fe418
R12=0x000000000000843b, R13=0x00007fe9dc1fd2a0, R14=0x0000000000000000, R15=0x00007fe9fc179440
RIP=0x00007fea0197c0ad, EFLAGS=0x0000000000010246, CSGSFS=0x002b000000000033, ERR=0x0000000000000004
  TRAPNO=0x000000000000000e

Top of Stack: (sp=0x00007fe9dc1fd1f0)
0x00007fe9dc1fd1f0:   0000000000000000 00007fe9dc1fe338
0x00007fe9dc1fd200:   00007fe9fc009be0 00007fe9dc1fd2a0
0x00007fe9dc1fd210:   00007fe9dc1fd280 00007fea0197cda2
0x00007fe9dc1fd220:   0000000000000000 0000000000000000 

Instructions: (pc=0x00007fea0197c0ad)
0x00007fea0197bfad:   f3 ff ff 44 03 65 90 e9 3f fe ff ff 0f 1f 80 00
0x00007fea0197bfbd:   00 00 00 41 8b 10 41 89 55 00 41 8b 54 00 fc 41
0x00007fea0197bfcd:   89 54 05 fc e9 82 fc ff ff 66 2e 0f 1f 84 00 00
0x00007fea0197bfdd:   00 00 00 b9 0a 00 00 00 e9 f0 fc ff ff 41 0f b7
0x00007fea0197bfed:   54 00 fe 66 41 89 54 05 fe e9 5d fc ff ff 0f 1f
0x00007fea0197bffd:   44 00 00 f3 0f 1e fa 0f b6 17 89 f0 89 f1 4c 8d
0x00007fea0197c00d:   47 01 84 d2 74 1c 0f 1f 44 00 00 69 c9 93 01 00
0x00007fea0197c01d:   01 49 83 c0 01 31 d1 41 0f b6 50 ff 84 d2 75 eb
0x00007fea0197c02d:   89 c8 25 ff ff ff 7f c3 90 66 2e 0f 1f 84 00 00
0x00007fea0197c03d:   00 00 00 f3 0f 1e fa 48 85 d2 0f 84 da 00 00 00
0x00007fea0197c04d:   55 48 89 e5 41 55 41 54 41 89 cc 53 48 83 ec 08
0x00007fea0197c05d:   85 c9 0f 84 ba 00 00 00 49 89 f5 48 8d 5e 01 0f
0x00007fea0197c06d:   b6 36 49 89 d0 40 84 f6 0f 84 9d 00 00 00 48 89
0x00007fea0197c07d:   d9 b8 93 01 00 01 0f 1f 44 00 00 69 d0 93 01 00
0x00007fea0197c08d:   01 48 83 c1 01 40 0f b6 c6 0f b6 71 ff 31 d0 40
0x00007fea0197c09d:   84 f6 75 e7 25 ff ff ff 7f 31 d2 41 f7 f4 89 d0
0x00007fea0197c0ad:   41 8b 34 80 48 8b 07 ff 50 20 85 c0 7f 15 74 62
0x00007fea0197c0bd:   f7 d0 41 89 c0 48 83 c4 08 44 89 c0 5b 41 5c 41
0x00007fea0197c0cd:   5d 5d c3 41 0f b6 4d 00 89 c6 84 c9 74 1b 0f 1f
0x00007fea0197c0dd:   44 00 00 69 f6 93 01 00 01 48 83 c3 01 31 ce 0f
0x00007fea0197c0ed:   b6 4b ff 84 c9 75 ec 89 f0 25 ff ff ff 7f 31 d2
0x00007fea0197c0fd:   48 83 c4 08 41 f7 f4 5b 41 5c 41 5d 5d 41 89 d0
0x00007fea0197c10d:   44 89 c0 c3 0f 1f 80 00 00 00 00 b8 93 01 00 01
0x00007fea0197c11d:   eb 87 41 b8 ff ff ff ff eb 9b 41 83 c8 ff 44 89
0x00007fea0197c12d:   c0 c3 90 f3 0f 1e fa eb 1d 66 2e 0f 1f 84 00 00
0x00007fea0197c13d:   00 00 00 0f b6 16 84 d2 74 13 38 c2 75 15 48 83
0x00007fea0197c14d:   c7 01 48 83 c6 01 0f b6 07 84 c0 75 e6 48 89 f8
0x00007fea0197c15d:   c3 66 90 31 c0 c3 90 66 66 2e 0f 1f 84 00 00 00
0x00007fea0197c16d:   00 00 90 f3 0f 1e fa 48 85 f6 74 51 0f b6 06 84
0x00007fea0197c17d:   c0 74 4a 0f b6 d0 83 e0 07 c1 fa 03 44 8d 50 01
0x00007fea0197c18d:   0f b6 c0 41 89 d1 4c 8d 44 06 02 48 8d 56 01 31
0x00007fea0197c19d:   c0 66 90 0f b6 0a 48 c1 e0 08 48 83 c2 01 48 09 


Stack slot to memory mapping:
stack at sp + 0 slots: 0x0 is NULL
stack at sp + 1 slots: 0x00007fe9dc1fe338 is pointing into the stack for thread: 0x00007fe9fc178800
stack at sp + 2 slots: 0x00007fe9fc009be0 points into unknown readable memory: 0x0000000000000000 | 00 00 00 00 00 00 00 00
stack at sp + 3 slots: 0x00007fe9dc1fd2a0 is pointing into the stack for thread: 0x00007fe9fc178800
stack at sp + 4 slots: 0x00007fe9dc1fd280 is pointing into the stack for thread: 0x00007fe9fc178800
stack at sp + 5 slots: 0x00007fea0197cda2: <offset 0x0000000000003da2> in /usr/lib/jvm/java-11-openjdk-amd64/lib/libjimage.so at 0x00007fea01979000
stack at sp + 6 slots: 0x0 is NULL
stack at sp + 7 slots: 0x0 is NULL


---------------  P R O C E S S  ---------------

Threads class SMR info:
_java_thread_list=0x00007fe99c003d60, length=11, elements={
0x00007fe9fc018000, 0x00007fe9fc15f000, 0x00007fe9fc163000, 0x00007fe9fc178800,
0x00007fe9fc17a800, 0x00007fe9fc17d000, 0x00007fe9fc17f000, 0x00007fe9fc181000,
0x00007fe9fc25a800, 0x00007fe9fc2ce000, 0x00007fe9fc2d2000
}

Java Threads: ( => current thread )
  0x00007fe9fc018000 JavaThread "main" [_thread_in_native, id=33513, stack(0x00007fea019bb000,0x00007fea01abc000)]
  0x00007fe9fc15f000 JavaThread "Reference Handler" daemon [_thread_blocked, id=33524, stack(0x00007fea0016d000,0x00007fea0026e000)]
  0x00007fe9fc163000 JavaThread "Finalizer" daemon [_thread_blocked, id=33525, stack(0x00007fea0006c000,0x00007fea0016d000)]
=>0x00007fe9fc178800 JavaThread "Signal Dispatcher" daemon [_thread_in_vm, id=33526, stack(0x00007fe9dc0ff000,0x00007fe9dc200000)]
  0x00007fe9fc17a800 JavaThread "Service Thread" daemon [_thread_blocked, id=33527, stack(0x00007fe9bef76000,0x00007fe9bf077000)]
  0x00007fe9fc17d000 JavaThread "C2 CompilerThread0" daemon [_thread_blocked, id=33528, stack(0x00007fe9bee75000,0x00007fe9bef76000)]
  0x00007fe9fc17f000 JavaThread "C1 CompilerThread0" daemon [_thread_blocked, id=33529, stack(0x00007fe9bed74000,0x00007fe9bee75000)]
  0x00007fe9fc181000 JavaThread "Sweeper thread" daemon [_thread_blocked, id=33530, stack(0x00007fe9bec73000,0x00007fe9bed74000)]
  0x00007fe9fc25a800 JavaThread "Common-Cleaner" daemon [_thread_blocked, id=33531, stack(0x00007fe9beb72000,0x00007fe9bec73000)]
  0x00007fe9fc2ce000 JavaThread "JDWP Transport Listener: dt_socket" daemon [_thread_in_native, id=33533, stack(0x00007fe9bea71000,0x00007fe9beb72000)]
  0x00007fe9fc2d2000 JavaThread "JDWP Event Helper Thread" daemon [_thread_blocked, id=33534, stack(0x00007fe9be970000,0x00007fe9bea71000)]

Other Threads:
  0x00007fe9fc156800 VMThread "VM Thread" [stack: 0x00007fea00270000,0x00007fea00370000] [id=33523]
  0x00007fe9fc369800 WatcherThread [stack: 0x00007fe9be56f000,0x00007fe9be66f000] [id=33540]
  0x00007fe9fc02f800 GCTaskThread "GC Thread#0" [stack: 0x00007fea0161e000,0x00007fea0171e000] [id=33518]
  0x00007fe9fc04a800 ConcurrentGCThread "G1 Main Marker" [stack: 0x00007fea00b58000,0x00007fea00c58000] [id=33519]
  0x00007fe9fc04c000 ConcurrentGCThread "G1 Conc#0" [stack: 0x00007fea00a56000,0x00007fea00b56000] [id=33520]
  0x00007fe9fc08e000 ConcurrentGCThread "G1 Refine#0" [stack: 0x00007fea00550000,0x00007fea00650000] [id=33521]
  0x00007fe9fc090000 ConcurrentGCThread "G1 Young RemSet Sampling" [stack: 0x00007fea0044e000,0x00007fea0054e000] [id=33522]

Threads with active compile tasks:

VM state:not at safepoint (normal execution)

VM Mutex/Monitor currently owned by a thread: None

Heap address: 0x00000000c4000000, size: 960 MB, Compressed Oops mode: 32-bit
Narrow klass base: 0x0000000000000000, Narrow klass shift: 3
Compressed class space size: 1073741824 Address: 0x0000000100000000

Heap:
 garbage-first heap   total 61440K, used 5120K [0x00000000c4000000, 0x0000000100000000)
  region size 1024K, 7 young (7168K), 0 survivors (0K)
 Metaspace       used 10581K, capacity 10758K, committed 11136K, reserved 1058816K
  class space    used 963K, capacity 1031K, committed 1152K, reserved 1048576K
Heap Regions: E=young(eden), S=young(survivor), O=old, HS=humongous(starts), HC=humongous(continues), CS=collection set, F=free, A=archive, TAMS=top-at-mark-start (previous, next)
|   0|0x00000000c4000000, 0x00000000c4000000, 0x00000000c4100000|  0%| F|  |TAMS 0x00000000c4000000, 0x00000000c4000000| Untracked 
|   1|0x00000000c4100000, 0x00000000c4100000, 0x00000000c4200000|  0%| F|  |TAMS 0x00000000c4100000, 0x00000000c4100000| Untracked 
|   2|0x00000000c4200000, 0x00000000c4200000, 0x00000000c4300000|  0%| F|  |TAMS 0x00000000c4200000, 0x00000000c4200000| Untracked 
|   3|0x00000000c4300000, 0x00000000c4300000, 0x00000000c4400000|  0%| F|  |TAMS 0x00000000c4300000, 0x00000000c4300000| Untracked 
|   4|0x00000000c4400000, 0x00000000c4400000, 0x00000000c4500000|  0%| F|  |TAMS 0x00000000c4400000, 0x00000000c4400000| Untracked 
|   5|0x00000000c4500000, 0x00000000c4500000, 0x00000000c4600000|  0%| F|  |TAMS 0x00000000c4500000, 0x00000000c4500000| Untracked 
|   6|0x00000000c4600000, 0x00000000c4600000, 0x00000000c4700000|  0%| F|  |TAMS 0x00000000c4600000, 0x00000000c4600000| Untracked 
|   7|0x00000000c4700000, 0x00000000c4700000, 0x00000000c4800000|  0%| F|  |TAMS 0x00000000c4700000, 0x00000000c4700000| Untracked 
|   8|0x00000000c4800000, 0x00000000c4800000, 0x00000000c4900000|  0%| F|  |TAMS 0x00000000c4800000, 0x00000000c4800000| Untracked 
|   9|0x00000000c4900000, 0x00000000c4900000, 0x00000000c4a00000|  0%| F|  |TAMS 0x00000000c4900000, 0x00000000c4900000| Untracked 
|  10|0x00000000c4a00000, 0x00000000c4a00000, 0x00000000c4b00000|  0%| F|  |TAMS 0x00000000c4a00000, 0x00000000c4a00000| Untracked 
|  11|0x00000000c4b00000, 0x00000000c4b00000, 0x00000000c4c00000|  0%| F|  |TAMS 0x00000000c4b00000, 0x00000000c4b00000| Untracked 
|  12|0x00000000c4c00000, 0x00000000c4c00000, 0x00000000c4d00000|  0%| F|  |TAMS 0x00000000c4c00000, 0x00000000c4c00000| Untracked 
|  13|0x00000000c4d00000, 0x00000000c4d00000, 0x00000000c4e00000|  0%| F|  |TAMS 0x00000000c4d00000, 0x00000000c4d00000| Untracked 
|  14|0x00000000c4e00000, 0x00000000c4e00000, 0x00000000c4f00000|  0%| F|  |TAMS 0x00000000c4e00000, 0x00000000c4e00000| Untracked 
|  15|0x00000000c4f00000, 0x00000000c4f00000, 0x00000000c5000000|  0%| F|  |TAMS 0x00000000c4f00000, 0x00000000c4f00000| Untracked 
|  16|0x00000000c5000000, 0x00000000c5000000, 0x00000000c5100000|  0%| F|  |TAMS 0x00000000c5000000, 0x00000000c5000000| Untracked 
|  17|0x00000000c5100000, 0x00000000c5100000, 0x00000000c5200000|  0%| F|  |TAMS 0x00000000c5100000, 0x00000000c5100000| Untracked 
|  18|0x00000000c5200000, 0x00000000c5200000, 0x00000000c5300000|  0%| F|  |TAMS 0x00000000c5200000, 0x00000000c5200000| Untracked 
|  19|0x00000000c5300000, 0x00000000c5300000, 0x00000000c5400000|  0%| F|  |TAMS 0x00000000c5300000, 0x00000000c5300000| Untracked 
|  20|0x00000000c5400000, 0x00000000c5400000, 0x00000000c5500000|  0%| F|  |TAMS 0x00000000c5400000, 0x00000000c5400000| Untracked 
|  21|0x00000000c5500000, 0x00000000c5500000, 0x00000000c5600000|  0%| F|  |TAMS 0x00000000c5500000, 0x00000000c5500000| Untracked 
|  22|0x00000000c5600000, 0x00000000c5600000, 0x00000000c5700000|  0%| F|  |TAMS 0x00000000c5600000, 0x00000000c5600000| Untracked 
|  23|0x00000000c5700000, 0x00000000c5700000, 0x00000000c5800000|  0%| F|  |TAMS 0x00000000c5700000, 0x00000000c5700000| Untracked 
|  24|0x00000000c5800000, 0x00000000c5800000, 0x00000000c5900000|  0%| F|  |TAMS 0x00000000c5800000, 0x00000000c5800000| Untracked 
|  25|0x00000000c5900000, 0x00000000c5900000, 0x00000000c5a00000|  0%| F|  |TAMS 0x00000000c5900000, 0x00000000c5900000| Untracked 
|  26|0x00000000c5a00000, 0x00000000c5a00000, 0x00000000c5b00000|  0%| F|  |TAMS 0x00000000c5a00000, 0x00000000c5a00000| Untracked 
|  27|0x00000000c5b00000, 0x00000000c5b00000, 0x00000000c5c00000|  0%| F|  |TAMS 0x00000000c5b00000, 0x00000000c5b00000| Untracked 
|  28|0x00000000c5c00000, 0x00000000c5c00000, 0x00000000c5d00000|  0%| F|  |TAMS 0x00000000c5c00000, 0x00000000c5c00000| Untracked 
|  29|0x00000000c5d00000, 0x00000000c5d00000, 0x00000000c5e00000|  0%| F|  |TAMS 0x00000000c5d00000, 0x00000000c5d00000| Untracked 
|  30|0x00000000c5e00000, 0x00000000c5e00000, 0x00000000c5f00000|  0%| F|  |TAMS 0x00000000c5e00000, 0x00000000c5e00000| Untracked 
|  31|0x00000000c5f00000, 0x00000000c5f00000, 0x00000000c6000000|  0%| F|  |TAMS 0x00000000c5f00000, 0x00000000c5f00000| Untracked 
|  32|0x00000000c6000000, 0x00000000c6000000, 0x00000000c6100000|  0%| F|  |TAMS 0x00000000c6000000, 0x00000000c6000000| Untracked 
|  33|0x00000000c6100000, 0x00000000c6100000, 0x00000000c6200000|  0%| F|  |TAMS 0x00000000c6100000, 0x00000000c6100000| Untracked 
|  34|0x00000000c6200000, 0x00000000c6200000, 0x00000000c6300000|  0%| F|  |TAMS 0x00000000c6200000, 0x00000000c6200000| Untracked 
|  35|0x00000000c6300000, 0x00000000c6300000, 0x00000000c6400000|  0%| F|  |TAMS 0x00000000c6300000, 0x00000000c6300000| Untracked 
|  36|0x00000000c6400000, 0x00000000c6400000, 0x00000000c6500000|  0%| F|  |TAMS 0x00000000c6400000, 0x00000000c6400000| Untracked 
|  37|0x00000000c6500000, 0x00000000c6500000, 0x00000000c6600000|  0%| F|  |TAMS 0x00000000c6500000, 0x00000000c6500000| Untracked 
|  38|0x00000000c6600000, 0x00000000c6600000, 0x00000000c6700000|  0%| F|  |TAMS 0x00000000c6600000, 0x00000000c6600000| Untracked 
|  39|0x00000000c6700000, 0x00000000c6700000, 0x00000000c6800000|  0%| F|  |TAMS 0x00000000c6700000, 0x00000000c6700000| Untracked 
|  40|0x00000000c6800000, 0x00000000c6800000, 0x00000000c6900000|  0%| F|  |TAMS 0x00000000c6800000, 0x00000000c6800000| Untracked 
|  41|0x00000000c6900000, 0x00000000c6900000, 0x00000000c6a00000|  0%| F|  |TAMS 0x00000000c6900000, 0x00000000c6900000| Untracked 
|  42|0x00000000c6a00000, 0x00000000c6a00000, 0x00000000c6b00000|  0%| F|  |TAMS 0x00000000c6a00000, 0x00000000c6a00000| Untracked 
|  43|0x00000000c6b00000, 0x00000000c6b00000, 0x00000000c6c00000|  0%| F|  |TAMS 0x00000000c6b00000, 0x00000000c6b00000| Untracked 
|  44|0x00000000c6c00000, 0x00000000c6c00000, 0x00000000c6d00000|  0%| F|  |TAMS 0x00000000c6c00000, 0x00000000c6c00000| Untracked 
|  45|0x00000000c6d00000, 0x00000000c6d00000, 0x00000000c6e00000|  0%| F|  |TAMS 0x00000000c6d00000, 0x00000000c6d00000| Untracked 
|  46|0x00000000c6e00000, 0x00000000c6e00000, 0x00000000c6f00000|  0%| F|  |TAMS 0x00000000c6e00000, 0x00000000c6e00000| Untracked 
|  47|0x00000000c6f00000, 0x00000000c6f00000, 0x00000000c7000000|  0%| F|  |TAMS 0x00000000c6f00000, 0x00000000c6f00000| Untracked 
|  48|0x00000000c7000000, 0x00000000c7000000, 0x00000000c7100000|  0%| F|  |TAMS 0x00000000c7000000, 0x00000000c7000000| Untracked 
|  49|0x00000000c7100000, 0x00000000c7100000, 0x00000000c7200000|  0%| F|  |TAMS 0x00000000c7100000, 0x00000000c7100000| Untracked 
|  50|0x00000000c7200000, 0x00000000c7200000, 0x00000000c7300000|  0%| F|  |TAMS 0x00000000c7200000, 0x00000000c7200000| Untracked 
|  51|0x00000000c7300000, 0x00000000c7300000, 0x00000000c7400000|  0%| F|  |TAMS 0x00000000c7300000, 0x00000000c7300000| Untracked 
|  52|0x00000000c7400000, 0x00000000c7400000, 0x00000000c7500000|  0%| F|  |TAMS 0x00000000c7400000, 0x00000000c7400000| Untracked 
|  53|0x00000000c7500000, 0x00000000c75d7960, 0x00000000c7600000| 84%| E|  |TAMS 0x00000000c7500000, 0x00000000c7500000| Complete 
|  54|0x00000000c7600000, 0x00000000c7700000, 0x00000000c7700000|100%| E|CS|TAMS 0x00000000c7600000, 0x00000000c7600000| Complete 
|  55|0x00000000c7700000, 0x00000000c7800000, 0x00000000c7800000|100%| E|CS|TAMS 0x00000000c7700000, 0x00000000c7700000| Complete 
|  56|0x00000000c7800000, 0x00000000c7900000, 0x00000000c7900000|100%| E|  |TAMS 0x00000000c7800000, 0x00000000c7800000| Complete 
|  57|0x00000000c7900000, 0x00000000c7a00000, 0x00000000c7a00000|100%| E|CS|TAMS 0x00000000c7900000, 0x00000000c7900000| Complete 
|  58|0x00000000c7a00000, 0x00000000c7b00000, 0x00000000c7b00000|100%| E|CS|TAMS 0x00000000c7a00000, 0x00000000c7a00000| Complete 
|  59|0x00000000c7b00000, 0x00000000c7c00000, 0x00000000c7c00000|100%| E|CS|TAMS 0x00000000c7b00000, 0x00000000c7b00000| Complete 

Card table byte_map: [0x00007fea00e58000,0x00007fea01038000] _byte_map_base: 0x00007fea00838000

Marking Bits (Prev, Next): (CMBitMap*) 0x00007fe9fc045ac8, (CMBitMap*) 0x00007fe9fc045b00
 Prev Bits: [0x00007fe9df100000, 0x00007fe9e0000000)
 Next Bits: [0x00007fe9de200000, 0x00007fe9df100000)

Polling page: 0x00007fea032f0000

Metaspace:

Usage:
  Non-class:      9,50 MB capacity,     9,39 MB ( 99%) used,    97,41 KB (  1%) free+waste,    11,50 KB ( <1%) overhead. 
      Class:      1,01 MB capacity,   963,61 KB ( 93%) used,    62,52 KB (  6%) free+waste,     4,88 KB ( <1%) overhead. 
       Both:     10,51 MB capacity,    10,33 MB ( 98%) used,   159,93 KB (  1%) free+waste,    16,38 KB ( <1%) overhead. 

Virtual space:
  Non-class space:       10,00 MB reserved,       9,75 MB ( 98%) committed 
      Class space:        1,00 GB reserved,       1,12 MB ( <1%) committed 
             Both:        1,01 GB reserved,      10,88 MB (  1%) committed 

Chunk freelists:
   Non-Class:  5,00 KB
       Class:  25,00 KB
        Both:  30,00 KB

MaxMetaspaceSize: unlimited
CompressedClassSpaceSize: 1,00 GB

CodeHeap 'non-profiled nmethods': size=120032Kb used=151Kb max_used=151Kb free=119880Kb
 bounds [0x00007fe9ec340000, 0x00007fe9ec5b0000, 0x00007fe9f3878000]
CodeHeap 'profiled nmethods': size=120032Kb used=761Kb max_used=761Kb free=119270Kb
 bounds [0x00007fe9e4e08000, 0x00007fe9e5078000, 0x00007fe9ec340000]
CodeHeap 'non-nmethods': size=5696Kb used=1123Kb max_used=1136Kb free=4572Kb
 bounds [0x00007fe9e4878000, 0x00007fe9e4ae8000, 0x00007fe9e4e08000]
 total_blobs=895 nmethods=523 adapters=293
 compilation: enabled
              stopped_count=0, restarted_count=0
 full_count=0

Compilation events (20 events):
Event: 1204,929 Thread 0x00007fe9fc17f000  514       3       org.eclipse.jdt.launching.internal.org.objectweb.asm.SymbolTable::hash (20 bytes)
Event: 1204,929 Thread 0x00007fe9fc17f000 nmethod 514 0x00007fe9e4ec4c10 code [0x00007fe9e4ec4de0, 0x00007fe9e4ec4fa0]
Event: 1282,100 Thread 0x00007fe9fc17f000  515       3       org.eclipse.jdt.launching.internal.org.objectweb.asm.SymbolTable::addConstantNameAndType (28 bytes)
Event: 1282,100 Thread 0x00007fe9fc17f000 nmethod 515 0x00007fe9e4ec5110 code [0x00007fe9e4ec5300, 0x00007fe9e4ec56b0]
Event: 1282,101 Thread 0x00007fe9fc17f000  516       3       org.eclipse.jdt.launching.internal.org.objectweb.asm.SymbolTable::hash (15 bytes)
Event: 1282,101 Thread 0x00007fe9fc17f000 nmethod 516 0x00007fe9e4ec5910 code [0x00007fe9e4ec5ae0, 0x00007fe9e4ec5c50]
Event: 1772,247 Thread 0x00007fe9fc17f000  517       1       java.security.CodeSource::getLocation (5 bytes)
Event: 1772,251 Thread 0x00007fe9fc17f000 nmethod 517 0x00007fe9ec364810 code [0x00007fe9ec3649c0, 0x00007fe9ec364a70]
Event: 1932,447 Thread 0x00007fe9fc17d000  518       4       java.lang.String::charAt (25 bytes)
Event: 1932,451 Thread 0x00007fe9fc17d000 nmethod 518 0x00007fe9ec364b10 code [0x00007fe9ec364cc0, 0x00007fe9ec364e08]
Event: 2142,746 Thread 0x00007fe9fc17f000  519       3       org.eclipse.jdt.launching.internal.org.objectweb.asm.ClassReader::readInt (52 bytes)
Event: 2142,747 Thread 0x00007fe9fc17f000 nmethod 519 0x00007fe9e4ec5d90 code [0x00007fe9e4ec5f40, 0x00007fe9e4ec6110]
Event: 2361,046 Thread 0x00007fe9fc17f000  521       1       org.eclipse.jdt.launching.internal.org.objectweb.asm.MethodWriter::hasAsmInstructions (5 bytes)
Event: 2361,051 Thread 0x00007fe9fc17d000  520       4       org.eclipse.jdt.launching.internal.org.objectweb.asm.ClassReader::readUtf (44 bytes)
Event: 2361,051 Thread 0x00007fe9fc17f000 nmethod 521 0x00007fe9ec364f90 code [0x00007fe9ec365140, 0x00007fe9ec3651f0]
